2019-01-31 09:51:40,128 INFO - Creating GCBM input database
2019-01-31 09:51:40,820 INFO - Loading 1 of 34: CBM Classic Spatial DDL.
2019-01-31 09:51:40,944 INFO - Loading 2 of 34: Static land class data.
2019-01-31 09:51:41,057 INFO - Loading 3 of 34: Static pool data.
2019-01-31 09:51:41,146 INFO - Loading 4 of 34: Root parameters.
2019-01-31 09:51:41,231 INFO - Loading 5 of 34: DOM pools.
2019-01-31 09:51:41,307 INFO - Loading 6 of 34: Static pool data.
2019-01-31 09:51:41,779 INFO - Loading 7 of 34: Admin regions.
2019-01-31 09:51:41,954 INFO - Loading 8 of 34: Eco regions.
2019-01-31 09:51:42,057 INFO - Loading 9 of 34: Decay (DOM) parameters.
2019-01-31 09:51:42,173 INFO - Loading 10 of 34: Disturbance types.
2019-01-31 09:51:42,338 INFO - Loading 11 of 34: Stump parameters.
2019-01-31 09:51:42,413 INFO - Loading 12 of 34: Turnover parameters.
2019-01-31 09:51:42,622 INFO - Loading 13 of 34: Admin boundaries.
2019-01-31 09:51:42,652 INFO - Loading 14 of 34: Eco boundaries.
2019-01-31 09:51:42,769 INFO - Loading 15 of 34: Spinup parameters.
2019-01-31 09:51:42,918 INFO - Loading 16 of 34: Spatial units.
2019-01-31 09:51:43,052 INFO - Loading 17 of 34: Disturbance matrix names.
2019-01-31 09:51:43,213 INFO - Loading 18 of 34: Disturbance matrix values.
2019-01-31 09:51:44,735 INFO - Loading 19 of 34: Disturbance matrix associations.
2019-01-31 09:51:51,045 INFO - Loading 20 of 34: Forest types.
2019-01-31 09:51:51,147 INFO - Loading 21 of 34: Genus types.
2019-01-31 09:51:51,237 INFO - Loading 22 of 34: Species types.
2019-01-31 09:51:51,378 INFO - Loading 23 of 34: Volume to biomass parameters.
2019-01-31 09:51:51,598 INFO - Loading 24 of 34: Volume to biomass parameter associations.
2019-01-31 09:51:52,803 INFO - Loading 25 of 34: Growth multiplier series.
2019-01-31 09:51:53,094 INFO - Loading 26 of 34: Growth multiplier values.
2019-01-31 09:51:53,466 INFO - Loading 27 of 34: Growth multiplier associations.
2019-01-31 09:51:53,750 INFO - Loading 28 of 34: Classifier: Classifier1.
2019-01-31 09:51:53,879 INFO - Loading 29 of 34: Classifier: Classifier2.
2019-01-31 09:51:54,034 INFO - Loading 30 of 34: Growth curves.
2019-01-31 09:51:54,059 INFO - ERROR: Loading 30 of 34: Growth curves.
2019-01-31 09:51:54,060 FATAL - Failed to insert classifier value 'Classifier2: BF' for growth curve 'BF,BF'.
2019-01-31 09:52:22,551 INFO - Creating GCBM input database
2019-01-31 09:52:22,551 FATAL - 
2019-01-31 09:52:22,568 INFO - Loading 1 of 34: CBM Classic Spatial DDL.
2019-01-31 09:52:22,679 INFO - Loading 2 of 34: Static land class data.
2019-01-31 09:52:22,787 INFO - Loading 3 of 34: Static pool data.
2019-01-31 09:52:22,887 INFO - Loading 4 of 34: Root parameters.
2019-01-31 09:52:22,988 INFO - Loading 5 of 34: DOM pools.
2019-01-31 09:52:23,081 INFO - Loading 6 of 34: Static pool data.
2019-01-31 09:52:23,213 INFO - Loading 7 of 34: Admin regions.
2019-01-31 09:52:23,337 INFO - Loading 8 of 34: Eco regions.
2019-01-31 09:52:23,447 INFO - Loading 9 of 34: Decay (DOM) parameters.
2019-01-31 09:52:23,562 INFO - Loading 10 of 34: Disturbance types.
2019-01-31 09:52:23,730 INFO - Loading 11 of 34: Stump parameters.
2019-01-31 09:52:23,835 INFO - Loading 12 of 34: Turnover parameters.
2019-01-31 09:52:23,937 INFO - Loading 13 of 34: Admin boundaries.
2019-01-31 09:52:24,053 INFO - Loading 14 of 34: Eco boundaries.
2019-01-31 09:52:24,170 INFO - Loading 15 of 34: Spinup parameters.
2019-01-31 09:52:24,279 INFO - Loading 16 of 34: Spatial units.
2019-01-31 09:52:24,398 INFO - Loading 17 of 34: Disturbance matrix names.
2019-01-31 09:52:24,566 INFO - Loading 18 of 34: Disturbance matrix values.
2019-01-31 09:52:26,078 INFO - Loading 19 of 34: Disturbance matrix associations.
2019-01-31 09:52:32,397 INFO - Loading 20 of 34: Forest types.
2019-01-31 09:52:32,514 INFO - Loading 21 of 34: Genus types.
2019-01-31 09:52:32,614 INFO - Loading 22 of 34: Species types.
2019-01-31 09:52:32,755 INFO - Loading 23 of 34: Volume to biomass parameters.
2019-01-31 09:52:32,964 INFO - Loading 24 of 34: Volume to biomass parameter associations.
2019-01-31 09:52:34,164 INFO - Loading 25 of 34: Growth multiplier series.
2019-01-31 09:52:34,464 INFO - Loading 26 of 34: Growth multiplier values.
2019-01-31 09:52:34,809 INFO - Loading 27 of 34: Growth multiplier associations.
2019-01-31 09:52:35,103 INFO - Loading 28 of 34: Classifier: Classifier1.
2019-01-31 09:52:35,209 INFO - Loading 29 of 34: Classifier: Classifier2.
2019-01-31 09:52:35,368 INFO - Loading 30 of 34: Growth curves.
2019-01-31 09:52:35,552 INFO - Loading 31 of 34: Transitions.
2019-01-31 09:52:35,703 INFO - Loading 32 of 34: Transition classifier values.
2019-01-31 09:52:35,811 INFO - Loading 33 of 34: Transition rules.
2019-01-31 09:52:35,951 INFO - Loading 34 of 34: Transition rule classifier values.
2019-01-31 09:52:36,071 INFO - Finished.
