2018-06-11 16:53:09,299 - app.QueryRunner - INFO - QueryRunner Configuration
2018-06-11 16:53:09,299 - app.QueryRunner - INFO - 
               [Config]
               Output Path: .
               Log Path: .\logs\CompileGCBMResults
               Log Queries: True
               Overwrite Working DBs: True
               Target databases: 
               Title: GCBM Output
               Original DB Path: D:\Standalone_Template\gcbm_project\output\gcbm_output.db
               Working DB Path: D:\Standalone_Template\processed_output\compiled_gcbm_output.db
               
               
2018-06-11 16:53:09,301 - app.QueryRunner - INFO - Running.
2018-06-11 16:53:09,309 - app.PreprocessorTask.GCBM Output - INFO - Initializing database...
2018-06-11 16:53:09,315 - app.QueryRunnerTask.GCBM Output - INFO - Executing query 1 of 27: SQLite parameters.
2018-06-11 16:53:09,315 - app.QueryRunnerTask.GCBM Output - INFO - Executing query 2 of 27: SQLite parameters.
2018-06-11 16:53:09,316 - app.QueryRunnerTask.GCBM Output - INFO - Executing query 3 of 27: SQLite parameters.
2018-06-11 16:53:09,582 - app.QueryRunnerTask.GCBM Output - INFO - Executing query 4 of 27: SQLite parameters.
2018-06-11 16:53:09,737 - app.QueryRunnerTask.GCBM Output - INFO - Executing query 5 of 27: Create reporting tables.
2018-06-11 16:53:09,911 - app.QueryRunnerTask.GCBM Output - INFO - Executing query 6 of 27: Create reporting tables.
2018-06-11 16:53:10,069 - app.QueryRunnerTask.GCBM Output - INFO - Executing query 7 of 27: Create reporting tables.
2018-06-11 16:53:10,220 - app.QueryRunnerTask.GCBM Output - INFO - Executing query 8 of 27: Create reporting tables.
2018-06-11 16:53:10,365 - app.QueryRunnerTask.GCBM Output - INFO - Executing query 9 of 27: Create reporting tables.
2018-06-11 16:53:10,545 - app.QueryRunnerTask.GCBM Output - INFO - Executing query 10 of 27: Create reporting tables.
2018-06-11 16:53:10,726 - app.QueryRunnerTask.GCBM Output - INFO - Executing query 11 of 27: Create reporting tables.
2018-06-11 16:53:10,894 - app.QueryRunnerTask.GCBM Output - INFO - Executing query 12 of 27: Create reporting tables.
2018-06-11 16:53:11,071 - app.QueryRunnerTask.GCBM Output - INFO - Executing query 13 of 27: Populate change type categories.
2018-06-11 16:53:11,562 - app.QueryRunnerTask.GCBM Output - INFO - Executing query 14 of 27: Populate pool collections.
2018-06-11 16:53:18,811 - app.QueryRunnerTask.GCBM Output - INFO - Executing query 15 of 27: Populate pool collections with pools.
2018-06-11 16:53:26,105 - app.QueryRunnerTask.GCBM Output - INFO - Executing query 16 of 27: Populate flux indicators.
2018-06-11 16:53:34,790 - app.QueryRunnerTask.GCBM Output - INFO - Executing query 17 of 27: Create flux indicator reporting view.
2018-06-11 16:53:35,282 - app.QueryRunnerTask.GCBM Output - INFO - Executing query 18 of 27: Populate flux indicator collections.
2018-06-11 16:53:40,940 - app.QueryRunnerTask.GCBM Output - INFO - Executing query 19 of 27: Populate aggregate flux indicators.
2018-06-11 16:53:45,773 - app.QueryRunnerTask.GCBM Output - INFO - Executing query 20 of 27: Populate stock change indicators.
2018-06-11 16:53:50,105 - app.QueryRunnerTask.GCBM Output - INFO - Executing query 21 of 27: Create flux indicator aggregates view.
2018-06-11 16:53:50,326 - app.QueryRunnerTask.GCBM Output - INFO - Executing query 22 of 27: Create stock change indicators view.
2018-06-11 16:53:50,523 - app.QueryRunnerTask.GCBM Output - INFO - Executing query 23 of 27: Populate pool indicators view.
2018-06-11 16:53:52,246 - app.QueryRunnerTask.GCBM Output - INFO - Executing query 24 of 27: Create pool indicators view.
2018-06-11 16:53:52,615 - app.QueryRunnerTask.GCBM Output - INFO - Executing query 25 of 27: Create disturbance indicators view.
2018-06-11 16:53:52,892 - app.QueryRunnerTask.GCBM Output - INFO - Executing query 26 of 27: Create age indicators view.
2018-06-11 16:53:53,131 - app.QueryRunnerTask.GCBM Output - INFO - Executing query 27 of 27: Create error indicators view.
2018-06-11 16:53:53,348 - app.QueryRunner - INFO - Completed successfully.
