2018-04-10 15:58:02,302 - app.QueryRunner - INFO - QueryRunner Configuration
2018-04-10 15:58:02,303 - app.QueryRunner - INFO - 
               [Config]
               Output Path: .
               Log Path: .\Logs
               Log Queries: True
               Overwrite Working DBs: True
               Target databases: 
               Title: GCBM Output
               Original DB Path: G:\GCBM\ParksCanadaAtlas_QC_Standalone\gcbm_project\output\gcbm_output.db
               Working DB Path: G:\GCBM\ParksCanadaAtlas_QC_Standalone\processed_output\compiled_gcbm_output.db
               
               
2018-04-10 15:58:02,303 - app.QueryRunner - INFO - Running.
2018-04-10 15:58:02,348 - app.PreprocessorTask.GCBM Output - INFO - Initializing database...
2018-04-10 15:58:02,359 - app.QueryRunnerTask.GCBM Output - INFO - Executing query 1 of 24: SQLite parameters.
2018-04-10 15:58:04,246 - app.QueryRunnerTask.GCBM Output - INFO - Executing query 2 of 24: Create reporting table: r_change_type_categories.
2018-04-10 15:58:04,377 - app.QueryRunnerTask.GCBM Output - INFO - Executing query 3 of 24: Create reporting table: r_pool_collections.
2018-04-10 15:58:04,664 - app.QueryRunnerTask.GCBM Output - INFO - Executing query 4 of 24: Create reporting table: r_pool_collection_pools.
2018-04-10 15:58:05,627 - app.QueryRunnerTask.GCBM Output - INFO - Executing query 5 of 24: Create reporting table: r_flux_indicators.
2018-04-10 15:58:05,793 - app.QueryRunnerTask.GCBM Output - INFO - Executing query 6 of 24: Create reporting table: r_flux_indicator_collections.
2018-04-10 15:58:05,951 - app.QueryRunnerTask.GCBM Output - INFO - Executing query 7 of 24: Create reporting table: r_flux_indicator_collection_flux_indicators.
2018-04-10 15:58:06,096 - app.QueryRunnerTask.GCBM Output - INFO - Executing query 8 of 24: Create reporting table: r_stock_changes.
2018-04-10 15:58:06,246 - app.QueryRunnerTask.GCBM Output - INFO - Executing query 9 of 24: Create reporting table: r_pool_indicators.
2018-04-10 15:58:06,413 - app.QueryRunnerTask.GCBM Output - INFO - Executing query 10 of 24: Populate change type categories.
2018-04-10 15:58:08,460 - app.QueryRunnerTask.GCBM Output - INFO - Executing query 11 of 24: Populate pool collections.
2018-04-10 15:58:23,483 - app.QueryRunnerTask.GCBM Output - INFO - Executing query 12 of 24: Populate pool collections with pools.
2018-04-10 15:58:32,007 - app.QueryRunnerTask.GCBM Output - INFO - Executing query 13 of 24: Populate flux indicators.
2018-04-10 15:58:49,917 - app.QueryRunnerTask.GCBM Output - INFO - Executing query 14 of 24: Create flux indicator reporting view.
2018-04-10 15:58:51,946 - app.QueryRunnerTask.GCBM Output - INFO - Executing query 15 of 24: Populate flux indicator collections.
2018-04-10 15:59:08,118 - app.QueryRunnerTask.GCBM Output - INFO - Executing query 16 of 24: Populate aggregate flux indicators.
2018-04-10 15:59:20,309 - app.QueryRunnerTask.GCBM Output - INFO - Executing query 17 of 24: Populate stock change indicators.
2018-04-10 15:59:30,635 - app.QueryRunnerTask.GCBM Output - INFO - Executing query 18 of 24: Create flux indicator aggregates view.
2018-04-10 15:59:31,553 - app.QueryRunnerTask.GCBM Output - INFO - Executing query 19 of 24: Create stock change indicators view.
2018-04-10 15:59:33,348 - app.QueryRunnerTask.GCBM Output - INFO - Executing query 20 of 24: Populate pool indicators view.
2018-04-10 15:59:36,857 - app.QueryRunnerTask.GCBM Output - INFO - Executing query 21 of 24: Create pool indicators view.
2018-04-10 15:59:37,653 - app.QueryRunnerTask.GCBM Output - INFO - Executing query 22 of 24: Create disturbance indicators view.
2018-04-10 15:59:38,019 - app.QueryRunnerTask.GCBM Output - INFO - Executing query 23 of 24: Create age indicators view.
2018-04-10 15:59:38,460 - app.QueryRunnerTask.GCBM Output - INFO - Executing query 24 of 24: Create error indicators view.
2018-04-10 15:59:39,101 - app.QueryRunner - INFO - Completed successfully.
